<?xml version="1.0" encoding="UTF-8"?>
<!-- Generated by org.testng.reporters.JUnitXMLReporter -->
<testsuite ignored="0" hostname="LIN-5CG115219T" failures="0" tests="5" name="Surefire test" time="56.837" errors="0" timestamp="2024-02-26T17:43:53 IST">
  <testcase classname="Framework.ErrorValidationTest" name="loginErrorValidation" time="0.481"/>
  <testcase classname="Framework.ErrorValidationTest" name="productErrorValidation" time="13.756"/>
  <testcase classname="Framework.OrderProductTest" name="submitOrder" time="14.618"/>
  <testcase classname="Framework.OrderProductTest" name="submitOrder" time="3.329"/>
  <testcase classname="Framework.OrderProductTest" name="orderHistoryTest" time="0.976"/>
</testsuite> <!-- Surefire test -->
