<?xml version="1.0" encoding="UTF-8"?>
<!-- Generated by org.testng.reporters.JUnitXMLReporter -->
<testsuite ignored="1" hostname="LIN-5CG115219T" failures="0" tests="2" name="Order Product Test" time="41.32" errors="0" timestamp="2024-02-26T16:23:36 IST">
  <testcase classname="Framework.OrderProductTest" name="submitOrder" time="14.683"/>
  <testcase classname="Framework.OrderProductTest" name="submitOrder" time="14.473"/>
  <testcase classname="Framework.OrderProductTest" name="orderHistoryTest" time="0.0">
    <ignored/>
  </testcase> <!-- orderHistoryTest -->
</testsuite> <!-- Order Product Test -->
